<?xml version="1.0" encoding="UTF-8"?>
<!-- Generated by org.testng.reporters.JUnitXMLReporter -->
<testsuite ignored="0" hostname="LAPTOP-CNFHQJ6N" failures="0" tests="9" name="Test" time="0.114" errors="0" timestamp="05 Sep 2023 10:14:33 GMT">
  <testcase classname="testngannotations.Class_Sample3" name="m7" time="0.019"/>
  <testcase classname="testngannotations.Class_Sample3" name="m8" time="0.003"/>
  <testcase classname="testngannotations.Class_Sample3" name="m9" time="0.003"/>
  <testcase classname="testngannotations.Class_Sample2" name="m4" time="0.002"/>
  <testcase classname="testngannotations.Class_Sample2" name="m5" time="0.002"/>
  <testcase classname="testngannotations.Class_Sample2" name="m6" time="0.002"/>
  <testcase classname="testngannotations.Class_Sample1" name="m1" time="0.001"/>
  <testcase classname="testngannotations.Class_Sample1" name="m2" time="0.002"/>
  <testcase classname="testngannotations.Class_Sample1" name="m3" time="0.002"/>
</testsuite> <!-- Test -->
